Microsoft HTML Help Compiler 4.74.8702

Compiling c:\Users\TrafalMar\Documents\GitHub\ExSystem\ExSystem\documentation\documentation.chm


Compile time: 0 minutes, 0 seconds
0	Topics
0	Local links
0	Internet links
0	Graphics


Created c:\Users\TrafalMar\Documents\GitHub\ExSystem\ExSystem\documentation\documentation.chm, 10,191 bytes
Compression increased file by 10,191 bytes.
Microsoft HTML Help Compiler 4.74.8702

Compiling c:\Users\TrafalMar\Documents\GitHub\ExSystem\ExSystem\documentation\documentation.chm

HHC6000: Error: An internal file could not be created. Make certain there is enough disk space on the drive where you are compiling your file.
HHC5007: Error: Fatal navigational compilation error. This is likely the result of an invalid contents (.hhc) file.


The following files were not compiled:
Microsoft HTML Help Compiler 4.74.8702

Compiling c:\Users\TrafalMar\Documents\GitHub\ExSystem\ExSystem\documentation\documentation.chm


Compile time: 0 minutes, 0 seconds
1	Topic
1	Local link
0	Internet links
0	Graphics


Created c:\Users\TrafalMar\Documents\GitHub\ExSystem\ExSystem\documentation\documentation.chm, 10,799 bytes
Compression increased file by 9,698 bytes.
HHC5010: Error: Cannot open "c:\Users\TrafalMar\Documents\GitHub\ExSystem\ExSystem\documentation\documentation.chm". Compilation stopped.
HHC5010: Error: Cannot open "c:\Users\TrafalMar\Documents\GitHub\ExSystem\ExSystem\documentation\documentation.chm". Compilation stopped.
HHC5010: Error: Cannot open "c:\Users\TrafalMar\Documents\GitHub\ExSystem\ExSystem\documentation\documentation.chm". Compilation stopped.
Microsoft HTML Help Compiler 4.74.8702

Compiling c:\Users\TrafalMar\Documents\GitHub\ExSystem\ExSystem\documentation\documentation.chm


Compile time: 0 minutes, 0 seconds
1	Topic
1	Local link
0	Internet links
0	Graphics


Created c:\Users\TrafalMar\Documents\GitHub\ExSystem\ExSystem\documentation\documentation.chm, 10,845 bytes
Compression increased file by 9,676 bytes.
Microsoft HTML Help Compiler 4.74.8702

Compiling c:\Users\TrafalMar\Documents\GitHub\ExSystem\ExSystem\documentation\documentation.chm


Compile time: 0 minutes, 0 seconds
1	Topic
1	Local link
0	Internet links
0	Graphics


Created c:\Users\TrafalMar\Documents\GitHub\ExSystem\ExSystem\documentation\documentation.chm, 10,845 bytes
Compression increased file by 9,675 bytes.
HHC5010: Error: Cannot open "c:\Users\TrafalMar\Documents\GitHub\ExSystem\ExSystem\documentation\documentation.chm". Compilation stopped.
Microsoft HTML Help Compiler 4.74.8702

Compiling c:\Users\TrafalMar\Documents\GitHub\ExSystem\ExSystem\documentation\documentation.chm


Compile time: 0 minutes, 0 seconds
1	Topic
1	Local link
0	Internet links
0	Graphics


Created c:\Users\TrafalMar\Documents\GitHub\ExSystem\ExSystem\documentation\documentation.chm, 10,881 bytes
Compression increased file by 9,664 bytes.
Microsoft HTML Help Compiler 4.74.8702

Compiling c:\Users\TrafalMar\Documents\GitHub\ExSystem\ExSystem\documentation\documentation.chm


Compile time: 0 minutes, 0 seconds
1	Topic
1	Local link
0	Internet links
0	Graphics


Created c:\Users\TrafalMar\Documents\GitHub\ExSystem\ExSystem\documentation\documentation.chm, 10,887 bytes
Compression increased file by 9,662 bytes.
Microsoft HTML Help Compiler 4.74.8702

Compiling c:\Users\TrafalMar\Documents\GitHub\ExSystem\ExSystem\documentation\documentation.chm


Compile time: 0 minutes, 0 seconds
1	Topic
1	Local link
0	Internet links
0	Graphics


Created c:\Users\TrafalMar\Documents\GitHub\ExSystem\ExSystem\documentation\documentation.chm, 10,901 bytes
Compression increased file by 9,659 bytes.
Microsoft HTML Help Compiler 4.74.8702

Compiling c:\Users\TrafalMar\Documents\GitHub\ExSystem\ExSystem\documentation\documentation.chm


Compile time: 0 minutes, 0 seconds
1	Topic
1	Local link
0	Internet links
0	Graphics


Created c:\Users\TrafalMar\Documents\GitHub\ExSystem\ExSystem\documentation\documentation.chm, 10,921 bytes
Compression increased file by 9,651 bytes.
Microsoft HTML Help Compiler 4.74.8702

Compiling c:\Users\TrafalMar\Documents\GitHub\ExSystem\ExSystem\documentation\documentation.chm


Compile time: 0 minutes, 0 seconds
1	Topic
1	Local link
0	Internet links
0	Graphics


Created c:\Users\TrafalMar\Documents\GitHub\ExSystem\ExSystem\documentation\documentation.chm, 10,921 bytes
Compression increased file by 9,651 bytes.
Microsoft HTML Help Compiler 4.74.8702

Compiling c:\Users\TrafalMar\Documents\GitHub\ExSystem\ExSystem\documentation\documentation.chm


Compile time: 0 minutes, 0 seconds
1	Topic
1	Local link
0	Internet links
0	Graphics


Created c:\Users\TrafalMar\Documents\GitHub\ExSystem\ExSystem\documentation\documentation.chm, 10,927 bytes
Compression increased file by 9,651 bytes.
Microsoft HTML Help Compiler 4.74.8702

Compiling c:\Users\TrafalMar\Documents\GitHub\ExSystem\ExSystem\documentation\documentation.chm


Compile time: 0 minutes, 0 seconds
1	Topic
1	Local link
0	Internet links
0	Graphics


Created c:\Users\TrafalMar\Documents\GitHub\ExSystem\ExSystem\documentation\documentation.chm, 10,921 bytes
Compression increased file by 9,651 bytes.
Microsoft HTML Help Compiler 4.74.8702

Compiling c:\Users\TrafalMar\Documents\GitHub\ExSystem\ExSystem\documentation\documentation.chm


Compile time: 0 minutes, 0 seconds
1	Topic
1	Local link
0	Internet links
0	Graphics


Created c:\Users\TrafalMar\Documents\GitHub\ExSystem\ExSystem\documentation\documentation.chm, 10,931 bytes
Compression increased file by 9,655 bytes.
Microsoft HTML Help Compiler 4.74.8702

Compiling c:\Users\TrafalMar\Documents\GitHub\ExSystem\ExSystem\documentation\documentation.chm


Compile time: 0 minutes, 0 seconds
1	Topic
1	Local link
0	Internet links
0	Graphics


Created c:\Users\TrafalMar\Documents\GitHub\ExSystem\ExSystem\documentation\documentation.chm, 10,927 bytes
Compression increased file by 9,657 bytes.
Microsoft HTML Help Compiler 4.74.8702

Compiling c:\Users\TrafalMar\Documents\GitHub\ExSystem\ExSystem\documentation\documentation.chm


Compile time: 0 minutes, 0 seconds
1	Topic
1	Local link
0	Internet links
0	Graphics


Created c:\Users\TrafalMar\Documents\GitHub\ExSystem\ExSystem\documentation\documentation.chm, 10,943 bytes
Compression increased file by 9,607 bytes.
Microsoft HTML Help Compiler 4.74.8702

Compiling c:\Users\TrafalMar\Documents\GitHub\ExSystem\ExSystem\documentation\documentation.chm


Compile time: 0 minutes, 0 seconds
1	Topic
1	Local link
0	Internet links
0	Graphics


Created c:\Users\TrafalMar\Documents\GitHub\ExSystem\ExSystem\documentation\documentation.chm, 10,943 bytes
Compression increased file by 9,606 bytes.
Microsoft HTML Help Compiler 4.74.8702

Compiling c:\Users\TrafalMar\Documents\GitHub\ExSystem\ExSystem\documentation\documentation.chm


Compile time: 0 minutes, 0 seconds
1	Topic
1	Local link
0	Internet links
0	Graphics


Created c:\Users\TrafalMar\Documents\GitHub\ExSystem\ExSystem\documentation\documentation.chm, 10,961 bytes
Compression increased file by 9,599 bytes.
HHC5010: Error: Cannot open "c:\Users\TrafalMar\Documents\GitHub\ExSystem\ExSystem\documentation\documentation.chm". Compilation stopped.
Microsoft HTML Help Compiler 4.74.8702

Compiling c:\Users\TrafalMar\Documents\GitHub\ExSystem\ExSystem\documentation\documentation.chm


Compile time: 0 minutes, 0 seconds
1	Topic
1	Local link
0	Internet links
0	Graphics


Created c:\Users\TrafalMar\Documents\GitHub\ExSystem\ExSystem\documentation\documentation.chm, 10,997 bytes
Compression increased file by 9,527 bytes.
Microsoft HTML Help Compiler 4.74.8702

Compiling c:\Users\TrafalMar\Documents\GitHub\ExSystem\ExSystem\documentation\documentation.chm


Compile time: 0 minutes, 0 seconds
1	Topic
1	Local link
0	Internet links
0	Graphics


Created c:\Users\TrafalMar\Documents\GitHub\ExSystem\ExSystem\documentation\documentation.chm, 11,023 bytes
Compression increased file by 9,496 bytes.
Microsoft HTML Help Compiler 4.74.8702

Compiling c:\Users\TrafalMar\Documents\GitHub\ExSystem\ExSystem\documentation\documentation.chm


Compile time: 0 minutes, 0 seconds
1	Topic
1	Local link
0	Internet links
0	Graphics


Created c:\Users\TrafalMar\Documents\GitHub\ExSystem\ExSystem\documentation\documentation.chm, 10,937 bytes
Compression increased file by 9,503 bytes.
Microsoft HTML Help Compiler 4.74.8702

Compiling c:\Users\TrafalMar\Documents\GitHub\ExSystem\ExSystem\documentation\documentation.chm


Compile time: 0 minutes, 0 seconds
1	Topic
1	Local link
0	Internet links
0	Graphics


Created c:\Users\TrafalMar\Documents\GitHub\ExSystem\ExSystem\documentation\documentation.chm, 11,043 bytes
Compression increased file by 9,471 bytes.
Microsoft HTML Help Compiler 4.74.8702

Compiling c:\Users\TrafalMar\Documents\GitHub\ExSystem\ExSystem\documentation\documentation.chm


Compile time: 0 minutes, 0 seconds
1	Topic
1	Local link
0	Internet links
0	Graphics


Created c:\Users\TrafalMar\Documents\GitHub\ExSystem\ExSystem\documentation\documentation.chm, 11,079 bytes
Compression increased file by 9,417 bytes.
Microsoft HTML Help Compiler 4.74.8702

Compiling c:\Users\TrafalMar\Documents\GitHub\ExSystem\ExSystem\documentation\documentation.chm


Compile time: 0 minutes, 0 seconds
1	Topic
1	Local link
0	Internet links
0	Graphics


Created c:\Users\TrafalMar\Documents\GitHub\ExSystem\ExSystem\documentation\documentation.chm, 11,091 bytes
Compression increased file by 9,380 bytes.
Microsoft HTML Help Compiler 4.74.8702

Compiling c:\Users\TrafalMar\Documents\GitHub\ExSystem\ExSystem\documentation\documentation.chm


Compile time: 0 minutes, 0 seconds
1	Topic
1	Local link
0	Internet links
0	Graphics


Created c:\Users\TrafalMar\Documents\GitHub\ExSystem\ExSystem\documentation\documentation.chm, 11,119 bytes
Compression increased file by 9,369 bytes.
HHC5010: Error: Cannot open "c:\Users\TrafalMar\Documents\GitHub\ExSystem\ExSystem\documentation\documentation.chm". Compilation stopped.
Microsoft HTML Help Compiler 4.74.8702

Compiling c:\Users\TrafalMar\Documents\GitHub\ExSystem\ExSystem\documentation\documentation.chm


Compile time: 0 minutes, 0 seconds
1	Topic
1	Local link
0	Internet links
0	Graphics


Created c:\Users\TrafalMar\Documents\GitHub\ExSystem\ExSystem\documentation\documentation.chm, 11,127 bytes
Compression increased file by 8,943 bytes.
Microsoft HTML Help Compiler 4.74.8702

Compiling c:\Users\TrafalMar\Documents\GitHub\ExSystem\ExSystem\documentation\documentation.chm


Compile time: 0 minutes, 0 seconds
1	Topic
1	Local link
0	Internet links
0	Graphics


Created c:\Users\TrafalMar\Documents\GitHub\ExSystem\ExSystem\documentation\documentation.chm, 11,125 bytes
Compression increased file by 8,949 bytes.
Microsoft HTML Help Compiler 4.74.8702

Compiling c:\Users\TrafalMar\Documents\GitHub\ExSystem\ExSystem\documentation\documentation.chm


Compile time: 0 minutes, 0 seconds
1	Topic
1	Local link
0	Internet links
0	Graphics


Created c:\Users\TrafalMar\Documents\GitHub\ExSystem\ExSystem\documentation\documentation.chm, 11,145 bytes
Compression increased file by 8,928 bytes.
HHC5010: Error: Cannot open "c:\Users\TrafalMar\Documents\GitHub\ExSystem\ExSystem\documentation\documentation.chm". Compilation stopped.
Microsoft HTML Help Compiler 4.74.8702

Compiling c:\Users\TrafalMar\Documents\GitHub\ExSystem\ExSystem\documentation\documentation.chm


Compile time: 0 minutes, 0 seconds
1	Topic
1	Local link
0	Internet links
0	Graphics


Created c:\Users\TrafalMar\Documents\GitHub\ExSystem\ExSystem\documentation\documentation.chm, 11,261 bytes
Compression increased file by 9,113 bytes.
Microsoft HTML Help Compiler 4.74.8702

Compiling c:\Users\TrafalMar\Documents\GitHub\ExSystem\ExSystem\documentation\documentation.chm


Compile time: 0 minutes, 0 seconds
1	Topic
1	Local link
0	Internet links
0	Graphics


Created c:\Users\TrafalMar\Documents\GitHub\ExSystem\ExSystem\documentation\documentation.chm, 11,271 bytes
Compression increased file by 9,097 bytes.
Microsoft HTML Help Compiler 4.74.8702

Compiling c:\Users\TrafalMar\Documents\GitHub\ExSystem\ExSystem\documentation\documentation.chm


Compile time: 0 minutes, 0 seconds
1	Topic
1	Local link
0	Internet links
0	Graphics


Created c:\Users\TrafalMar\Documents\GitHub\ExSystem\ExSystem\documentation\documentation.chm, 11,269 bytes
Compression increased file by 9,095 bytes.
Microsoft HTML Help Compiler 4.74.8702

Compiling c:\Users\TrafalMar\Documents\GitHub\ExSystem\ExSystem\documentation\documentation.chm


Compile time: 0 minutes, 0 seconds
1	Topic
1	Local link
0	Internet links
0	Graphics


Created c:\Users\TrafalMar\Documents\GitHub\ExSystem\ExSystem\documentation\documentation.chm, 11,271 bytes
Compression increased file by 9,098 bytes.
Microsoft HTML Help Compiler 4.74.8702

Compiling c:\Users\TrafalMar\Documents\GitHub\ExSystem\ExSystem\documentation\documentation.chm


Compile time: 0 minutes, 0 seconds
1	Topic
1	Local link
0	Internet links
0	Graphics


Created c:\Users\TrafalMar\Documents\GitHub\ExSystem\ExSystem\documentation\documentation.chm, 11,275 bytes
Compression increased file by 9,096 bytes.
Microsoft HTML Help Compiler 4.74.8702

Compiling c:\Users\TrafalMar\Documents\GitHub\ExSystem\ExSystem\documentation\documentation.chm


Compile time: 0 minutes, 0 seconds
1	Topic
1	Local link
0	Internet links
0	Graphics


Created c:\Users\TrafalMar\Documents\GitHub\ExSystem\ExSystem\documentation\documentation.chm, 11,265 bytes
Compression increased file by 9,104 bytes.
Microsoft HTML Help Compiler 4.74.8702

Compiling c:\Users\TrafalMar\Documents\GitHub\ExSystem\ExSystem\documentation\documentation.chm


Compile time: 0 minutes, 0 seconds
1	Topic
1	Local link
0	Internet links
0	Graphics


Created c:\Users\TrafalMar\Documents\GitHub\ExSystem\ExSystem\documentation\documentation.chm, 11,259 bytes
Compression increased file by 9,103 bytes.
Microsoft HTML Help Compiler 4.74.8702

Compiling c:\Users\TrafalMar\Documents\GitHub\ExSystem\ExSystem\documentation\documentation.chm


Compile time: 0 minutes, 0 seconds
1	Topic
1	Local link
0	Internet links
0	Graphics


Created c:\Users\TrafalMar\Documents\GitHub\ExSystem\ExSystem\documentation\documentation.chm, 11,267 bytes
Compression increased file by 9,105 bytes.
Microsoft HTML Help Compiler 4.74.8702

Compiling c:\Users\TrafalMar\Documents\GitHub\ExSystem\ExSystem\documentation\documentation.chm


Compile time: 0 minutes, 0 seconds
1	Topic
1	Local link
0	Internet links
0	Graphics


Created c:\Users\TrafalMar\Documents\GitHub\ExSystem\ExSystem\documentation\documentation.chm, 11,273 bytes
Compression increased file by 9,095 bytes.
Microsoft HTML Help Compiler 4.74.8702

Compiling c:\Users\TrafalMar\Documents\GitHub\ExSystem\ExSystem\documentation\documentation.chm


Compile time: 0 minutes, 0 seconds
1	Topic
1	Local link
0	Internet links
0	Graphics


Created c:\Users\TrafalMar\Documents\GitHub\ExSystem\ExSystem\documentation\documentation.chm, 11,271 bytes
Compression increased file by 9,094 bytes.
Microsoft HTML Help Compiler 4.74.8702

Compiling c:\Users\TrafalMar\Documents\GitHub\ExSystem\ExSystem\documentation\documentation.chm


Compile time: 0 minutes, 0 seconds
2	Topics
2	Local links
0	Internet links
0	Graphics


Created c:\Users\TrafalMar\Documents\GitHub\ExSystem\ExSystem\documentation\documentation.chm, 11,347 bytes
Compression increased file by 8,646 bytes.
Microsoft HTML Help Compiler 4.74.8702

Compiling c:\Users\TrafalMar\Documents\GitHub\ExSystem\ExSystem\documentation\documentation.chm


Compile time: 0 minutes, 0 seconds
2	Topics
3	Local links
0	Internet links
0	Graphics


Created c:\Users\TrafalMar\Documents\GitHub\ExSystem\ExSystem\documentation\documentation.chm, 11,517 bytes
Compression increased file by 7,919 bytes.
Microsoft HTML Help Compiler 4.74.8702

Compiling c:\Users\TrafalMar\Documents\GitHub\ExSystem\ExSystem\documentation\documentation.chm


Compile time: 0 minutes, 0 seconds
2	Topics
3	Local links
0	Internet links
0	Graphics


Created c:\Users\TrafalMar\Documents\GitHub\ExSystem\ExSystem\documentation\documentation.chm, 11,735 bytes
Compression increased file by 8,214 bytes.
Microsoft HTML Help Compiler 4.74.8702

Compiling c:\Users\TrafalMar\Documents\GitHub\ExSystem\ExSystem\documentation\documentation.chm


Compile time: 0 minutes, 0 seconds
2	Topics
3	Local links
0	Internet links
0	Graphics


Created c:\Users\TrafalMar\Documents\GitHub\ExSystem\ExSystem\documentation\documentation.chm, 11,733 bytes
Compression increased file by 8,212 bytes.
Microsoft HTML Help Compiler 4.74.8702

Compiling c:\Users\TrafalMar\Documents\GitHub\ExSystem\ExSystem\documentation\documentation.chm


Compile time: 0 minutes, 0 seconds
2	Topics
3	Local links
0	Internet links
0	Graphics


Created c:\Users\TrafalMar\Documents\GitHub\ExSystem\ExSystem\documentation\documentation.chm, 11,751 bytes
Compression increased file by 8,195 bytes.
HHC5010: Error: Cannot open "c:\Users\TrafalMar\Documents\GitHub\ExSystem\ExSystem\documentation\documentation.chm". Compilation stopped.
HHC5010: Error: Cannot open "c:\Users\TrafalMar\Documents\GitHub\ExSystem\ExSystem\documentation\documentation.chm". Compilation stopped.
HHC5010: Error: Cannot open "c:\Users\TrafalMar\Documents\GitHub\ExSystem\ExSystem\documentation\documentation.chm". Compilation stopped.
HHC5010: Error: Cannot open "c:\Users\TrafalMar\Documents\GitHub\ExSystem\ExSystem\documentation\documentation.chm". Compilation stopped.
HHC5010: Error: Cannot open "c:\Users\TrafalMar\Documents\GitHub\ExSystem\ExSystem\documentation\documentation.chm". Compilation stopped.
HHC5010: Error: Cannot open "c:\Users\TrafalMar\Documents\GitHub\ExSystem\ExSystem\documentation\documentation.chm". Compilation stopped.
HHC5010: Error: Cannot open "c:\Users\TrafalMar\Documents\GitHub\ExSystem\ExSystem\documentation\documentation.chm". Compilation stopped.
HHC5010: Error: Cannot open "c:\Users\TrafalMar\Documents\GitHub\ExSystem\ExSystem\documentation\documentation.chm". Compilation stopped.
Microsoft HTML Help Compiler 4.74.8702

Compiling c:\Users\TrafalMar\Documents\GitHub\ExSystem\ExSystem\documentation\documentation.chm


Compile time: 0 minutes, 0 seconds
2	Topics
3	Local links
0	Internet links
0	Graphics


Created c:\Users\TrafalMar\Documents\GitHub\ExSystem\ExSystem\documentation\documentation.chm, 11,847 bytes
Compression increased file by 8,035 bytes.
Microsoft HTML Help Compiler 4.74.8702

Compiling c:\Users\TrafalMar\Documents\GitHub\ExSystem\ExSystem\documentation\documentation.chm


Compile time: 0 minutes, 0 seconds
2	Topics
3	Local links
0	Internet links
1	Graphic


Created c:\Users\TrafalMar\Documents\GitHub\ExSystem\ExSystem\documentation\documentation.chm, 83,153 bytes
Compression increased file by 5,859 bytes.
Microsoft HTML Help Compiler 4.74.8702

Compiling c:\Users\TrafalMar\Documents\GitHub\ExSystem\ExSystem\documentation\documentation.chm


Compile time: 0 minutes, 0 seconds
2	Topics
3	Local links
0	Internet links
2	Graphics


Created c:\Users\TrafalMar\Documents\GitHub\ExSystem\ExSystem\documentation\documentation.chm, 157,637 bytes
Compression increased file by 1,781 bytes.
Microsoft HTML Help Compiler 4.74.8702

Compiling c:\Users\TrafalMar\Documents\GitHub\ExSystem\ExSystem\documentation\documentation.chm


Compile time: 0 minutes, 0 seconds
2	Topics
3	Local links
0	Internet links
2	Graphics


Created c:\Users\TrafalMar\Documents\GitHub\ExSystem\ExSystem\documentation\documentation.chm, 157,629 bytes
Compression increased file by 1,783 bytes.
Microsoft HTML Help Compiler 4.74.8702

Compiling c:\Users\TrafalMar\Documents\GitHub\ExSystem\ExSystem\documentation\documentation.chm


Compile time: 0 minutes, 0 seconds
2	Topics
3	Local links
0	Internet links
2	Graphics


Created c:\Users\TrafalMar\Documents\GitHub\ExSystem\ExSystem\documentation\documentation.chm, 157,621 bytes
Compression increased file by 1,795 bytes.
Microsoft HTML Help Compiler 4.74.8702

Compiling c:\Users\TrafalMar\Documents\GitHub\ExSystem\ExSystem\documentation\documentation.chm


Compile time: 0 minutes, 0 seconds
2	Topics
3	Local links
0	Internet links
2	Graphics


Created c:\Users\TrafalMar\Documents\GitHub\ExSystem\ExSystem\documentation\documentation.chm, 157,625 bytes
Compression increased file by 1,762 bytes.
Microsoft HTML Help Compiler 4.74.8702

Compiling c:\Users\TrafalMar\Documents\GitHub\ExSystem\ExSystem\documentation\documentation.chm


Compile time: 0 minutes, 0 seconds
2	Topics
3	Local links
0	Internet links
2	Graphics


Created c:\Users\TrafalMar\Documents\GitHub\ExSystem\ExSystem\documentation\documentation.chm, 157,631 bytes
Compression increased file by 1,753 bytes.
Microsoft HTML Help Compiler 4.74.8702

Compiling c:\Users\TrafalMar\Documents\GitHub\ExSystem\ExSystem\documentation\documentation.chm


Compile time: 0 minutes, 0 seconds
2	Topics
3	Local links
0	Internet links
2	Graphics


Created c:\Users\TrafalMar\Documents\GitHub\ExSystem\ExSystem\documentation\documentation.chm, 157,649 bytes
Compression increased file by 1,744 bytes.
Microsoft HTML Help Compiler 4.74.8702

Compiling c:\Users\TrafalMar\Documents\GitHub\ExSystem\ExSystem\documentation\documentation.chm


Compile time: 0 minutes, 0 seconds
2	Topics
3	Local links
0	Internet links
2	Graphics


Created c:\Users\TrafalMar\Documents\GitHub\ExSystem\ExSystem\documentation\documentation.chm, 157,669 bytes
Compression increased file by 1,734 bytes.
HHC5010: Error: Cannot open "c:\Users\TrafalMar\Documents\GitHub\ExSystem\ExSystem\documentation\documentation.chm". Compilation stopped.
HHC5010: Error: Cannot open "c:\Users\TrafalMar\Documents\GitHub\ExSystem\ExSystem\documentation\documentation.chm". Compilation stopped.
Microsoft HTML Help Compiler 4.74.8702

Compiling c:\Users\TrafalMar\Documents\GitHub\ExSystem\ExSystem\documentation\documentation.chm


Compile time: 0 minutes, 0 seconds
2	Topics
3	Local links
0	Internet links
2	Graphics


Created c:\Users\TrafalMar\Documents\GitHub\ExSystem\ExSystem\documentation\documentation.chm, 157,703 bytes
Compression increased file by 1,704 bytes.
Microsoft HTML Help Compiler 4.74.8702

Compiling c:\Users\TrafalMar\Documents\GitHub\ExSystem\ExSystem\documentation\documentation.chm


Compile time: 0 minutes, 0 seconds
2	Topics
3	Local links
0	Internet links
2	Graphics


Created c:\Users\TrafalMar\Documents\GitHub\ExSystem\ExSystem\documentation\documentation.chm, 157,723 bytes
Compression increased file by 1,698 bytes.
Microsoft HTML Help Compiler 4.74.8702

Compiling c:\Users\TrafalMar\Documents\GitHub\ExSystem\ExSystem\documentation\documentation.chm


Compile time: 0 minutes, 0 seconds
2	Topics
3	Local links
0	Internet links
2	Graphics


Created c:\Users\TrafalMar\Documents\GitHub\ExSystem\ExSystem\documentation\documentation.chm, 157,695 bytes
Compression increased file by 1,722 bytes.
Microsoft HTML Help Compiler 4.74.8702

Compiling c:\Users\TrafalMar\Documents\GitHub\ExSystem\ExSystem\documentation\documentation.chm


Compile time: 0 minutes, 0 seconds
2	Topics
3	Local links
0	Internet links
2	Graphics


Created c:\Users\TrafalMar\Documents\GitHub\ExSystem\ExSystem\documentation\documentation.chm, 157,695 bytes
Compression increased file by 1,722 bytes.
Microsoft HTML Help Compiler 4.74.8702

Compiling c:\Users\TrafalMar\Documents\GitHub\ExSystem\ExSystem\documentation\documentation.chm


Compile time: 0 minutes, 0 seconds
2	Topics
3	Local links
0	Internet links
2	Graphics


Created c:\Users\TrafalMar\Documents\GitHub\ExSystem\ExSystem\documentation\documentation.chm, 157,709 bytes
Compression increased file by 1,718 bytes.
Microsoft HTML Help Compiler 4.74.8702

Compiling c:\Users\TrafalMar\Documents\GitHub\ExSystem\ExSystem\documentation\documentation.chm


Compile time: 0 minutes, 0 seconds
2	Topics
3	Local links
0	Internet links
2	Graphics


Created c:\Users\TrafalMar\Documents\GitHub\ExSystem\ExSystem\documentation\documentation.chm, 157,709 bytes
Compression increased file by 1,715 bytes.
Microsoft HTML Help Compiler 4.74.8702

Compiling c:\Users\TrafalMar\Documents\GitHub\ExSystem\ExSystem\documentation\documentation.chm


Compile time: 0 minutes, 0 seconds
2	Topics
3	Local links
0	Internet links
2	Graphics


Created c:\Users\TrafalMar\Documents\GitHub\ExSystem\ExSystem\documentation\documentation.chm, 157,717 bytes
Compression increased file by 1,717 bytes.
Microsoft HTML Help Compiler 4.74.8702

Compiling c:\Users\TrafalMar\Documents\GitHub\ExSystem\ExSystem\documentation\documentation.chm


Compile time: 0 minutes, 0 seconds
2	Topics
3	Local links
0	Internet links
2	Graphics


Created c:\Users\TrafalMar\Documents\GitHub\ExSystem\ExSystem\documentation\documentation.chm, 157,729 bytes
Compression increased file by 1,711 bytes.
Microsoft HTML Help Compiler 4.74.8702

Compiling c:\Users\TrafalMar\Documents\GitHub\ExSystem\ExSystem\documentation\documentation.chm


Compile time: 0 minutes, 0 seconds
2	Topics
3	Local links
0	Internet links
2	Graphics


Created c:\Users\TrafalMar\Documents\GitHub\ExSystem\ExSystem\documentation\documentation.chm, 157,733 bytes
Compression increased file by 1,707 bytes.
Microsoft HTML Help Compiler 4.74.8702

Compiling c:\Users\TrafalMar\Documents\GitHub\ExSystem\ExSystem\documentation\documentation.chm


Compile time: 0 minutes, 0 seconds
2	Topics
3	Local links
0	Internet links
2	Graphics


Created c:\Users\TrafalMar\Documents\GitHub\ExSystem\ExSystem\documentation\documentation.chm, 157,761 bytes
Compression increased file by 1,679 bytes.
Microsoft HTML Help Compiler 4.74.8702

Compiling c:\Users\TrafalMar\Documents\GitHub\ExSystem\ExSystem\documentation\documentation.chm


Compile time: 0 minutes, 0 seconds
2	Topics
3	Local links
0	Internet links
2	Graphics


Created c:\Users\TrafalMar\Documents\GitHub\ExSystem\ExSystem\documentation\documentation.chm, 157,757 bytes
Compression increased file by 1,576 bytes.
Microsoft HTML Help Compiler 4.74.8702

Compiling c:\Users\TrafalMar\Documents\GitHub\ExSystem\ExSystem\documentation\documentation.chm


Compile time: 0 minutes, 0 seconds
3	Topics
4	Local links
0	Internet links
2	Graphics


Created c:\Users\TrafalMar\Documents\GitHub\ExSystem\ExSystem\documentation\documentation.chm, 157,959 bytes
Compression increased file by 1,282 bytes.
Microsoft HTML Help Compiler 4.74.8702

Compiling c:\Users\TrafalMar\Documents\GitHub\ExSystem\ExSystem\documentation\documentation.chm


Compile time: 0 minutes, 0 seconds
3	Topics
4	Local links
0	Internet links
2	Graphics


Created c:\Users\TrafalMar\Documents\GitHub\ExSystem\ExSystem\documentation\documentation.chm, 158,153 bytes
Compression increased file by 1,332 bytes.
Microsoft HTML Help Compiler 4.74.8702

Compiling c:\Users\TrafalMar\Documents\GitHub\ExSystem\ExSystem\documentation\documentation.chm


Compile time: 0 minutes, 0 seconds
3	Topics
4	Local links
0	Internet links
3	Graphics


Created c:\Users\TrafalMar\Documents\GitHub\ExSystem\ExSystem\documentation\documentation.chm, 194,673 bytes
Compression decreased file by 3,856 bytes.
Microsoft HTML Help Compiler 4.74.8702

Compiling c:\Users\TrafalMar\Documents\GitHub\ExSystem\ExSystem\documentation\documentation.chm

HHC5013: Error: URL reference in the TOC cannot be resolved: "addTreeRoot.htm".


The following files were not compiled:
Microsoft HTML Help Compiler 4.74.8702

Compiling c:\Users\TrafalMar\Documents\GitHub\ExSystem\ExSystem\documentation\documentation.chm

HHC5013: Error: URL reference in the TOC cannot be resolved: "addTreeRoot.htm".


The following files were not compiled:
Microsoft HTML Help Compiler 4.74.8702

Compiling c:\Users\TrafalMar\Documents\GitHub\ExSystem\ExSystem\documentation\documentation.chm

HHC5013: Error: URL reference in the TOC cannot be resolved: "addTreeRoot.htm".


The following files were not compiled:
Microsoft HTML Help Compiler 4.74.8702

Compiling c:\Users\TrafalMar\Documents\GitHub\ExSystem\ExSystem\documentation\documentation.chm

HHC5013: Error: URL reference in the TOC cannot be resolved: "addTreeRoot.htm".


The following files were not compiled:
Microsoft HTML Help Compiler 4.74.8702

Compiling c:\Users\TrafalMar\Documents\GitHub\ExSystem\ExSystem\documentation\documentation.chm

HHC5013: Error: URL reference in the TOC cannot be resolved: "addTreeRoot.htm".


The following files were not compiled:
