Microsoft HTML Help Compiler 4.74.8702

Compiling c:\Users\vladi\Documents\GitHub\Expert\ExSystem\documentation\documentation.chm


Compile time: 0 minutes, 0 seconds
4	Topics
5	Local links
0	Internet links
3	Graphics


Created c:\Users\vladi\Documents\GitHub\Expert\ExSystem\documentation\documentation.chm, 194,807 bytes
Compression decreased file by 4,008 bytes.
Microsoft HTML Help Compiler 4.74.8702

Compiling c:\Users\vladi\Documents\GitHub\Expert\ExSystem\documentation\documentation.chm


Compile time: 0 minutes, 0 seconds
4	Topics
5	Local links
0	Internet links
3	Graphics


Created c:\Users\vladi\Documents\GitHub\Expert\ExSystem\documentation\documentation.chm, 194,899 bytes
Compression decreased file by 4,495 bytes.
Microsoft HTML Help Compiler 4.74.8702

Compiling c:\Users\vladi\Documents\GitHub\Expert\ExSystem\documentation\documentation.chm


Compile time: 0 minutes, 0 seconds
4	Topics
5	Local links
0	Internet links
3	Graphics


Created c:\Users\vladi\Documents\GitHub\Expert\ExSystem\documentation\documentation.chm, 194,907 bytes
Compression decreased file by 4,532 bytes.
Microsoft HTML Help Compiler 4.74.8702

Compiling c:\Users\vladi\Documents\GitHub\Expert\ExSystem\documentation\documentation.chm


Compile time: 0 minutes, 0 seconds
4	Topics
5	Local links
0	Internet links
5	Graphics


Created c:\Users\vladi\Documents\GitHub\Expert\ExSystem\documentation\documentation.chm, 207,517 bytes
Compression decreased file by 7,655 bytes.
Microsoft HTML Help Compiler 4.74.8702

Compiling c:\Users\vladi\Documents\GitHub\Expert\ExSystem\documentation\documentation.chm


Compile time: 0 minutes, 0 seconds
4	Topics
5	Local links
0	Internet links
5	Graphics


Created c:\Users\vladi\Documents\GitHub\Expert\ExSystem\documentation\documentation.chm, 207,531 bytes
Compression decreased file by 7,641 bytes.
Microsoft HTML Help Compiler 4.74.8702

Compiling c:\Users\vladi\Documents\GitHub\Expert\ExSystem\documentation\documentation.chm


Compile time: 0 minutes, 0 seconds
4	Topics
5	Local links
0	Internet links
5	Graphics


Created c:\Users\vladi\Documents\GitHub\Expert\ExSystem\documentation\documentation.chm, 207,541 bytes
Compression decreased file by 7,631 bytes.
Microsoft HTML Help Compiler 4.74.8702

Compiling c:\Users\vladi\Documents\GitHub\Expert\ExSystem\documentation\documentation.chm


Compile time: 0 minutes, 0 seconds
4	Topics
5	Local links
0	Internet links
5	Graphics


Created c:\Users\vladi\Documents\GitHub\Expert\ExSystem\documentation\documentation.chm, 207,541 bytes
Compression decreased file by 7,631 bytes.
Microsoft HTML Help Compiler 4.74.8702

Compiling c:\Users\vladi\Documents\GitHub\Expert\ExSystem\documentation\documentation.chm


Compile time: 0 minutes, 0 seconds
4	Topics
5	Local links
0	Internet links
5	Graphics


Created c:\Users\vladi\Documents\GitHub\Expert\ExSystem\documentation\documentation.chm, 207,539 bytes
Compression decreased file by 7,633 bytes.
Microsoft HTML Help Compiler 4.74.8702

Compiling c:\Users\vladi\Documents\GitHub\Expert\ExSystem\documentation\documentation.chm


Compile time: 0 minutes, 0 seconds
5	Topics
6	Local links
0	Internet links
7	Graphics


Created c:\Users\vladi\Documents\GitHub\Expert\ExSystem\documentation\documentation.chm, 224,227 bytes
Compression decreased file by 10,625 bytes.
Microsoft HTML Help Compiler 4.74.8702

Compiling c:\Users\vladi\Documents\GitHub\Expert\ExSystem\documentation\documentation.chm


Compile time: 0 minutes, 0 seconds
5	Topics
6	Local links
0	Internet links
7	Graphics


Created c:\Users\vladi\Documents\GitHub\Expert\ExSystem\documentation\documentation.chm, 224,231 bytes
Compression decreased file by 10,621 bytes.
Microsoft HTML Help Compiler 4.74.8702

Compiling c:\Users\vladi\Documents\GitHub\Expert\ExSystem\documentation\documentation.chm


Compile time: 0 minutes, 0 seconds
6	Topics
7	Local links
0	Internet links
10	Graphics


Created c:\Users\vladi\Documents\GitHub\Expert\ExSystem\documentation\documentation.chm, 252,785 bytes
Compression decreased file by 15,887 bytes.
HHC5010: Error: Cannot open "c:\Users\vladi\Documents\GitHub\Expert\ExSystem\documentation\documentation.chm". Compilation stopped.
Microsoft HTML Help Compiler 4.74.8702

Compiling c:\Users\vladi\Documents\GitHub\Expert\ExSystem\documentation\documentation.chm


Compile time: 0 minutes, 0 seconds
6	Topics
7	Local links
0	Internet links
10	Graphics


Created c:\Users\vladi\Documents\GitHub\Expert\ExSystem\documentation\documentation.chm, 252,785 bytes
Compression decreased file by 15,887 bytes.
Microsoft HTML Help Compiler 4.74.8702

Compiling c:\Users\vladi\Documents\GitHub\Expert\ExSystem\documentation\documentation.chm


Compile time: 0 minutes, 0 seconds
7	Topics
8	Local links
0	Internet links
12	Graphics


Created c:\Users\vladi\Documents\GitHub\Expert\ExSystem\documentation\documentation.chm, 285,231 bytes
Compression decreased file by 20,787 bytes.
Microsoft HTML Help Compiler 4.74.8702

Compiling c:\Users\vladi\Documents\GitHub\Expert\ExSystem\documentation\documentation.chm


Compile time: 0 minutes, 0 seconds
7	Topics
8	Local links
0	Internet links
12	Graphics


Created c:\Users\vladi\Documents\GitHub\Expert\ExSystem\documentation\documentation.chm, 285,231 bytes
Compression decreased file by 20,787 bytes.
Microsoft HTML Help Compiler 4.74.8702

Compiling c:\Users\vladi\Documents\GitHub\Expert\ExSystem\documentation\documentation.chm


Compile time: 0 minutes, 0 seconds
7	Topics
8	Local links
0	Internet links
12	Graphics


Created c:\Users\vladi\Documents\GitHub\Expert\ExSystem\documentation\documentation.chm, 285,231 bytes
Compression decreased file by 20,787 bytes.
Microsoft HTML Help Compiler 4.74.8702

Compiling c:\Users\vladi\Documents\GitHub\Expert\ExSystem\documentation\documentation.chm


Compile time: 0 minutes, 0 seconds
8	Topics
9	Local links
0	Internet links
12	Graphics


Created c:\Users\vladi\Documents\GitHub\Expert\ExSystem\documentation\documentation.chm, 285,387 bytes
Compression decreased file by 21,554 bytes.
Microsoft HTML Help Compiler 4.74.8702

Compiling c:\Users\vladi\Documents\GitHub\Expert\ExSystem\documentation\documentation.chm


Compile time: 0 minutes, 0 seconds
8	Topics
9	Local links
0	Internet links
12	Graphics


Created c:\Users\vladi\Documents\GitHub\Expert\ExSystem\documentation\documentation.chm, 285,395 bytes
Compression decreased file by 21,546 bytes.
Microsoft HTML Help Compiler 4.74.8702

Compiling c:\Users\vladi\Documents\GitHub\Expert\ExSystem\documentation\documentation.chm


Compile time: 0 minutes, 0 seconds
8	Topics
9	Local links
0	Internet links
13	Graphics


Created c:\Users\vladi\Documents\GitHub\Expert\ExSystem\documentation\documentation.chm, 286,883 bytes
Compression decreased file by 21,836 bytes.
HHC5010: Error: Cannot open "c:\Users\vladi\Documents\GitHub\Expert\ExSystem\documentation\documentation.chm". Compilation stopped.
HHC5010: Error: Cannot open "c:\Users\vladi\Documents\GitHub\Expert\ExSystem\documentation\documentation.chm". Compilation stopped.
Microsoft HTML Help Compiler 4.74.8702

Compiling c:\Users\vladi\Documents\GitHub\Expert\ExSystem\documentation\documentation.chm


Compile time: 0 minutes, 0 seconds
8	Topics
9	Local links
0	Internet links
13	Graphics


Created c:\Users\vladi\Documents\GitHub\Expert\ExSystem\documentation\documentation.chm, 286,889 bytes
Compression decreased file by 21,830 bytes.
HHC5010: Error: Cannot open "c:\Users\vladi\Documents\GitHub\Expert\ExSystem\documentation\documentation.chm". Compilation stopped.
Microsoft HTML Help Compiler 4.74.8702

Compiling c:\Users\vladi\Documents\GitHub\Expert\ExSystem\documentation\documentation.chm


Compile time: 0 minutes, 0 seconds
8	Topics
9	Local links
0	Internet links
13	Graphics


Created c:\Users\vladi\Documents\GitHub\Expert\ExSystem\documentation\documentation.chm, 286,855 bytes
Compression decreased file by 22,398 bytes.
Microsoft HTML Help Compiler 4.74.8702

Compiling c:\Users\vladi\Documents\GitHub\Expert\ExSystem\documentation\documentation.chm


Compile time: 0 minutes, 0 seconds
8	Topics
9	Local links
0	Internet links
13	Graphics


Created c:\Users\vladi\Documents\GitHub\Expert\ExSystem\documentation\documentation.chm, 286,927 bytes
Compression decreased file by 22,355 bytes.
HHC5010: Error: Cannot open "c:\Users\vladi\Documents\GitHub\Expert\ExSystem\documentation\documentation.chm". Compilation stopped.
Microsoft HTML Help Compiler 4.74.8702

Compiling c:\Users\vladi\Documents\GitHub\Expert\ExSystem\documentation\documentation.chm


Compile time: 0 minutes, 0 seconds
8	Topics
9	Local links
0	Internet links
13	Graphics


Created c:\Users\vladi\Documents\GitHub\Expert\ExSystem\documentation\documentation.chm, 287,001 bytes
Compression decreased file by 22,312 bytes.
Microsoft HTML Help Compiler 4.74.8702

Compiling c:\Users\vladi\Documents\GitHub\Expert\ExSystem\documentation\documentation.chm


Compile time: 0 minutes, 0 seconds
8	Topics
9	Local links
0	Internet links
13	Graphics


Created c:\Users\vladi\Documents\GitHub\Expert\ExSystem\documentation\documentation.chm, 287,001 bytes
Compression decreased file by 22,312 bytes.
Microsoft HTML Help Compiler 4.74.8702

Compiling c:\Users\vladi\Documents\GitHub\Expert\ExSystem\documentation\documentation.chm


Compile time: 0 minutes, 0 seconds
8	Topics
9	Local links
0	Internet links
14	Graphics


Created c:\Users\vladi\Documents\GitHub\Expert\ExSystem\documentation\documentation.chm, 378,833 bytes
Compression decreased file by 32,106 bytes.
Microsoft HTML Help Compiler 4.74.8702

Compiling c:\Users\vladi\Documents\GitHub\Expert\ExSystem\documentation\documentation.chm


Compile time: 0 minutes, 0 seconds
8	Topics
9	Local links
0	Internet links
14	Graphics


Created c:\Users\vladi\Documents\GitHub\Expert\ExSystem\documentation\documentation.chm, 378,833 bytes
Compression decreased file by 32,106 bytes.
Microsoft HTML Help Compiler 4.74.8702

Compiling c:\Users\vladi\Documents\GitHub\Expert\ExSystem\documentation\documentation.chm


Compile time: 0 minutes, 0 seconds
8	Topics
9	Local links
0	Internet links
14	Graphics


Created c:\Users\vladi\Documents\GitHub\Expert\ExSystem\documentation\documentation.chm, 378,833 bytes
Compression decreased file by 32,106 bytes.
Microsoft HTML Help Compiler 4.74.8702

Compiling c:\Users\vladi\Documents\GitHub\Expert\ExSystem\documentation\documentation.chm


Compile time: 0 minutes, 0 seconds
8	Topics
9	Local links
0	Internet links
14	Graphics


Created c:\Users\vladi\Documents\GitHub\Expert\ExSystem\documentation\documentation.chm, 378,837 bytes
Compression decreased file by 32,102 bytes.
Microsoft HTML Help Compiler 4.74.8702

Compiling c:\Users\vladi\Documents\GitHub\Expert\ExSystem\documentation\documentation.chm


Compile time: 0 minutes, 0 seconds
8	Topics
9	Local links
0	Internet links
14	Graphics


Created c:\Users\vladi\Documents\GitHub\Expert\ExSystem\documentation\documentation.chm, 378,833 bytes
Compression decreased file by 32,106 bytes.
Microsoft HTML Help Compiler 4.74.8702

Compiling c:\Users\vladi\Documents\GitHub\Expert\ExSystem\documentation\documentation.chm


Compile time: 0 minutes, 0 seconds
8	Topics
9	Local links
0	Internet links
14	Graphics


Created c:\Users\vladi\Documents\GitHub\Expert\ExSystem\documentation\documentation.chm, 378,831 bytes
Compression decreased file by 32,108 bytes.
Microsoft HTML Help Compiler 4.74.8702

Compiling c:\Users\vladi\Documents\GitHub\Expert\ExSystem\documentation\documentation.chm


Compile time: 0 minutes, 0 seconds
8	Topics
9	Local links
0	Internet links
14	Graphics


Created c:\Users\vladi\Documents\GitHub\Expert\ExSystem\documentation\documentation.chm, 378,833 bytes
Compression decreased file by 32,106 bytes.
